<?xml version="1.0" encoding="UTF-8"?>
<testsuite name="PalindromeTest" tests="4" skipped="0" failures="0" errors="0" timestamp="2019-07-20T17:58:29" hostname="Excalibur" time="0.012">
  <properties/>
  <testcase name="testShouldNotBeAPalindrome" classname="PalindromeTest" time="0.01"/>
  <testcase name="testSentenceWithSpecialCharactersShouldNotBeAPalindrome" classname="PalindromeTest" time="0.001"/>
  <testcase name="testEmptyStringShouldBeAPalindrome" classname="PalindromeTest" time="0.0"/>
  <testcase name="testSentenceShouldBeAPalindrome" classname="PalindromeTest" time="0.001"/>
  <system-out><![CDATA[]]></system-out>
  <system-err><![CDATA[]]></system-err>
</testsuite>
